\BOOKMARK [0][-]{title.0}{封面}{}% 1
\BOOKMARK [0][-]{toc.0}{目录}{}% 2
\BOOKMARK [0][-]{chapter.1}{实验目的及要求}{}% 3
\BOOKMARK [1][-]{section.1.1}{实验目的}{chapter.1}% 4
\BOOKMARK [1][-]{section.1.2}{实验要求}{chapter.1}% 5
\BOOKMARK [0][-]{chapter.2}{实验1方案：搭建和应用实验环境}{}% 6
\BOOKMARK [1][-]{section.2.1}{实验工具和环境}{chapter.2}% 7
\BOOKMARK [1][-]{section.2.2}{制作DOS引导盘并启动}{chapter.2}% 8
\BOOKMARK [2][-]{subsection.2.2.1}{操作步骤}{section.2.2}% 9
\BOOKMARK [2][-]{subsection.2.2.2}{操作结果}{section.2.2}% 10
\BOOKMARK [1][-]{section.2.3}{使用个人信息填满引导扇区}{chapter.2}% 11
\BOOKMARK [2][-]{subsection.2.3.1}{操作步骤}{section.2.3}% 12
\BOOKMARK [2][-]{subsection.2.3.2}{操作结果}{section.2.3}% 13
\BOOKMARK [0][-]{chapter.3}{实验2方案:自定义引导程序的实现}{}% 14
\BOOKMARK [1][-]{section.3.1}{相关基础原理}{chapter.3}% 15
\BOOKMARK [2][-]{subsection.3.1.1}{电脑开机流程与主引导扇区}{section.3.1}% 16
\BOOKMARK [2][-]{subsection.3.1.2}{显存与显示模式}{section.3.1}% 17
\BOOKMARK [2][-]{subsection.3.1.3}{几个在汇编程序中用到的中断}{section.3.1}% 18
\BOOKMARK [1][-]{section.3.2}{实验工具和环境}{chapter.3}% 19
\BOOKMARK [1][-]{section.3.3}{程序功能说明}{chapter.3}% 20
\BOOKMARK [0][-]{chapter.4}{实验结果}{}% 21
\BOOKMARK [0][-]{chapter.5}{实验总结}{}% 22
\BOOKMARK [0][-]{chapter.6}{实验难点及亮点}{}% 23
\BOOKMARK [1][-]{section.6.1}{突破主引导扇区512字节的限制}{chapter.6}% 24
\BOOKMARK [1][-]{section.6.2}{读取键盘的操作}{chapter.6}% 25
\BOOKMARK [1][-]{section.6.3}{源程序中的一处不完善的地方}{chapter.6}% 26
\BOOKMARK [0][-]{appendix.A}{运行汇编文件的脚本}{}% 27
