\BOOKMARK [0][-]{title.0}{封面}{}% 1
\BOOKMARK [0][-]{toc.0}{目录}{}% 2
\BOOKMARK [0][-]{chapter.1}{先说重要的}{}% 3
\BOOKMARK [1][-]{section.1.1}{具体使用步骤}{chapter.1}% 4
\BOOKMARK [1][-]{section.1.2}{编译的方法}{chapter.1}% 5
\BOOKMARK [1][-]{section.1.3}{文档类型选择}{chapter.1}% 6
\BOOKMARK [1][-]{section.1.4}{打印的问题}{chapter.1}% 7
\BOOKMARK [0][-]{chapter.2}{杂七杂八的话}{}% 8
\BOOKMARK [1][-]{section.2.1}{Readme}{chapter.2}% 9
\BOOKMARK [1][-]{section.2.2}{更新记录}{chapter.2}% 10
\BOOKMARK [1][-]{section.2.3}{字体调节}{chapter.2}% 11
\BOOKMARK [1][-]{section.2.4}{字号调节}{chapter.2}% 12
\BOOKMARK [1][-]{section.2.5}{已加入的常用宏包}{chapter.2}% 13
\BOOKMARK [1][-]{section.2.6}{标点符号的问题}{chapter.2}% 14
\BOOKMARK [1][-]{section.2.7}{引用的问题}{chapter.2}% 15
\BOOKMARK [2][-]{subsection.2.7.1}{参考文献的引用}{section.2.7}% 16
\BOOKMARK [2][-]{subsection.2.7.2}{定理和公式的引用}{section.2.7}% 17
\BOOKMARK [1][-]{section.2.8}{图形与表格}{chapter.2}% 18
\BOOKMARK [0][-]{chapter.3}{其他事项}{}% 19
\BOOKMARK [0][-]{appendix.A}{测试}{}% 20
\BOOKMARK [1][-]{section.A.1}{第一个测试}{appendix.A}% 21
\BOOKMARK [0][-]{appendix.B}{附录测试}{}% 22
\BOOKMARK [0][-]{appendix.C}{附录测试}{}% 23
